0 info it worked if it ends with ok
1 verbose cli [ '/home/ubuntu/.nvm/v0.10.35/bin/node',
1 verbose cli   '/home/ubuntu/.nvm/v0.10.35/bin/npm',
1 verbose cli   'install',
1 verbose cli   '--save',
1 verbose cli   'jquer' ]
2 info using npm@1.4.28
3 info using node@v0.10.35
4 verbose readDependencies using package.json deps
5 verbose cache add [ 'jquer', null ]
6 verbose cache add name=undefined spec="jquer" args=["jquer",null]
7 verbose parsed url { protocol: null,
7 verbose parsed url   slashes: null,
7 verbose parsed url   auth: null,
7 verbose parsed url   host: null,
7 verbose parsed url   port: null,
7 verbose parsed url   hostname: null,
7 verbose parsed url   hash: null,
7 verbose parsed url   search: null,
7 verbose parsed url   query: null,
7 verbose parsed url   pathname: 'jquer',
7 verbose parsed url   path: 'jquer',
7 verbose parsed url   href: 'jquer' }
8 silly lockFile 50e99b49-jquer jquer
9 verbose lock jquer /home/ubuntu/.npm/50e99b49-jquer.lock
10 silly lockFile 50e99b49-jquer jquer
11 silly lockFile 50e99b49-jquer jquer
12 verbose addNamed [ 'jquer', '' ]
13 verbose addNamed [ null, '*' ]
14 silly lockFile 755db321-jquer jquer@
15 verbose lock jquer@ /home/ubuntu/.npm/755db321-jquer.lock
16 silly addNameRange { name: 'jquer', range: '*', hasData: false }
17 verbose request where is /jquer
18 verbose request registry https://registry.npmjs.org/
19 verbose request id 48b493d88f3568bc
20 verbose url raw /jquer
21 verbose url resolving [ 'https://registry.npmjs.org/', './jquer' ]
22 verbose url resolved https://registry.npmjs.org/jquer
23 verbose request where is https://registry.npmjs.org/jquer
24 info trying registry request attempt 1 at 15:19:53
25 http GET https://registry.npmjs.org/jquer
26 http 404 https://registry.npmjs.org/jquer
27 silly registry.get cb [ 404,
27 silly registry.get   { 'content-type': 'application/json',
27 silly registry.get     'cache-control': 'max-age=0',
27 silly registry.get     'content-length': '2',
27 silly registry.get     'accept-ranges': 'bytes',
27 silly registry.get     date: 'Fri, 16 Oct 2015 15:19:54 GMT',
27 silly registry.get     via: '1.1 varnish',
27 silly registry.get     age: '0',
27 silly registry.get     connection: 'keep-alive',
27 silly registry.get     'x-served-by': 'cache-ord1723-ORD',
27 silly registry.get     'x-cache': 'MISS',
27 silly registry.get     'x-cache-hits': '0',
27 silly registry.get     'x-timer': 'S1445008793.811099,VS0,VE304' } ]
28 silly lockFile 755db321-jquer jquer@
29 silly lockFile 755db321-jquer jquer@
30 error 404 Not Found
30 error 404
30 error 404 'jquer' is not in the npm registry.
30 error 404 You should bug the author to publish it
30 error 404 It was specified as a dependency of 'foundation-libsass-template'
30 error 404
30 error 404 Note that you can also install from a
30 error 404 tarball, folder, or http url, or git url.
31 error System Linux 3.14.13-c9
32 error command "/home/ubuntu/.nvm/v0.10.35/bin/node" "/home/ubuntu/.nvm/v0.10.35/bin/npm" "install" "--save" "jquer"
33 error cwd /home/ubuntu/workspace
34 error node -v v0.10.35
35 error npm -v 1.4.28
36 error code E404
37 verbose exit [ 1, true ]
